<?xml version="1.0" encoding="UTF-8"?>
<!-- Generated by org.testng.reporters.JUnitReportReporter -->
<testsuite hostname="Avijeet-Desktop" failures="0" tests="2" name="com.testcase.SignUpPageTest" time="6.405" errors="0" timestamp="2022-07-22T13:22:15 IST" skipped="0">
  <testcase classname="com.testcase.SignUpPageTest" name="signUpPageTitleTest" time="1.938"/>
  <system-out/>
  <testcase classname="com.testcase.SignUpPageTest" name="SignUpTest" time="4.467"/>
  <system-out/>
</testsuite> <!-- com.testcase.SignUpPageTest -->
