<?xml version="1.0" encoding="UTF-8"?>
<!-- Generated by org.testng.reporters.JUnitReportReporter -->
<testsuite hostname="Avijeet-Desktop" failures="0" tests="6" name="com.testcase.LoginPageTest" time="23.368" errors="0" timestamp="2022-07-22T13:22:15 IST" skipped="0">
  <testcase classname="com.testcase.LoginPageTest" name="multipleLoginTest" time="6.360"/>
  <system-out/>
  <testcase classname="com.testcase.LoginPageTest" name="multipleLoginTest" time="6.038"/>
  <system-out/>
  <testcase classname="com.testcase.LoginPageTest" name="multipleLoginTest" time="5.092"/>
  <system-out/>
  <testcase classname="com.testcase.LoginPageTest" name="loginPageTitleTest" time="1.867"/>
  <system-out/>
  <testcase classname="com.testcase.LoginPageTest" name="faceBookLogoImageTest" time="1.875"/>
  <system-out/>
  <testcase classname="com.testcase.LoginPageTest" name="loginTest" time="2.136"/>
  <system-out/>
</testsuite> <!-- com.testcase.LoginPageTest -->
