<?xml version="1.0" encoding="UTF-8"?>
<!-- Generated by org.testng.reporters.JUnitReportReporter -->
<testsuite hostname="Avijeet-Desktop" failures="0" tests="7" name="com.testcase.FindFriendsTest" time="68.551" errors="0" timestamp="2022-07-22T13:22:15 IST" skipped="0">
  <testcase classname="com.testcase.FindFriendsTest" name="verifyFindFriendsTitleTest" time="8.491"/>
  <system-out/>
  <testcase classname="com.testcase.FindFriendsTest" name="verifyFriendRequestLink" time="5.866"/>
  <system-out/>
  <testcase classname="com.testcase.FindFriendsTest" name="verifySuggestionsLink" time="8.849"/>
  <system-out/>
  <testcase classname="com.testcase.FindFriendsTest" name="verifyBirthdaysLink" time="10.521"/>
  <system-out/>
  <testcase classname="com.testcase.FindFriendsTest" name="verifyCustomsLink" time="9.635"/>
  <system-out/>
  <testcase classname="com.testcase.FindFriendsTest" name="add_friend" time="12.383"/>
  <system-out/>
  <testcase classname="com.testcase.FindFriendsTest" name="confirm_friend" time="12.806"/>
  <system-out/>
</testsuite> <!-- com.testcase.FindFriendsTest -->
